BlockerPlus/android/app/build/outputs/logs/manifest-merger-debug-report.txt
-- Merging decision tree log ---
manifest
ADDED from src/main/AndroidManifest.xml:1:1-94:12
MERGED from src/main/AndroidManifest.xml:1:1-94:12
INJECTED from src/debug/AndroidManifest.xml:2:1-9:12
INJECTED from src/debug/AndroidManifest.xml:2:1-9:12
INJECTED from src/debug/AndroidManifest.xml:2:1-9:12
MERGED from [:react-native-splash-screen] AndroidManifest.xml:2:1-7:12
MERGED from [:react-native-push-notification] AndroidManifest.xml:2:1-7:12
MERGED from [com.facebook.react:react-android:0.75.1] AndroidManifest.xml:2:1-24:12
MERGED from [com.facebook.flipper:flipper-network-plugin:0.125.0] AndroidManifest.xml:8:1-15:12
MERGED from [com.facebook.flipper:flipper-fresco-plugin:0.125.0] AndroidManifest.xml:8:1-15:12
MERGED from [com.facebook.flipper:flipper:0.125.0] AndroidManifest.xml:8:1-18:12
MERGED from [androidx.constraintlayout:constraintlayout:2.1.4] AndroidManifest.xml:2:1-11:12
MERGED from [com.airbnb.android:lottie:3.4.0] AndroidManifest.xml:2:1-11:12
MERGED from [androidx.appcompat:appcompat-resources:1.6.1] AndroidManifest.xml:17:1-22:12
MERGED from [androidx.appcompat:appcompat:1.6.1] AndroidManifest.xml:17:1-22:12
MERGED from [com.facebook.fresco:imagepipeline-okhttp3:3.2.0] AndroidManifest.xml:2:1-7:12
MERGED from [com.google.firebase:firebase-messaging:23.1.2] AndroidManifest.xml:17:1-61:12
MERGED from [com.google.firebase:firebase-analytics:21.3.0] AndroidManifest.xml:2:1-9:12
MERGED from [com.google.android.gms:play-services-measurement:21.3.0] AndroidManifest.xml:17:1-46:12
MERGED from [com.google.android.gms:play-services-measurement-api:21.3.0] AndroidManifest.xml:17:1-37:12
MERGED from [com.google.android.gms:play-services-measurement-sdk:21.3.0] AndroidManifest.xml:17:1-25:12
MERGED from [com.google.firebase:firebase-crashlytics:18.3.7] AndroidManifest.xml:2:1-23:12
MERGED from [com.google.firebase:firebase-installations:17.1.3] AndroidManifest.xml:2:1-23:12
MERGED from [com.google.firebase:firebase-datatransport:18.1.7] AndroidManifest.xml:15:1-33:12
MERGED from [com.google.firebase:firebase-common:20.3.3] AndroidManifest.xml:15:1-39:12
MERGED from [com.google.firebase:firebase-measurement-connector:19.0.0] AndroidManifest.xml:17:1-25:12
MERGED from [com.google.android.gms:play-services-base:18.0.1] AndroidManifest.xml:16:1-24:12
MERGED from [com.google.android.gms:play-services-measurement-impl:21.3.0] AndroidManifest.xml:17:1-32:12
MERGED from [com.google.android.gms:play-services-stats:17.0.2] AndroidManifest.xml:2:1-9:12
MERGED from [com.google.firebase:firebase-iid-interop:17.1.0] AndroidManifest.xml:2:1-10:12
MERGED from [com.google.android.gms:play-services-cloud-messaging:17.0.1] AndroidManifest.xml:2:1-13:12
MERGED from [com.google.android.gms:play-services-ads-identifier:18.0.0] AndroidManifest.xml:17:1-27:12
MERGED from [com.google.android.gms:play-services-measurement-sdk-api:21.3.0] AndroidManifest.xml:17:1-28:12
MERGED from [com.google.android.gms:play-services-measurement-base:21.3.0] AndroidManifest.xml:2:1-9:12
MERGED from [com.google.firebase:firebase-installations-interop:17.1.0] AndroidManifest.xml:15:1-22:12
MERGED from [com.google.android.gms:play-services-tasks:18.0.2] AndroidManifest.xml:2:1-6:12
MERGED from [com.google.android.gms:play-services-basement:18.1.0] AndroidManifest.xml:16:1-26:12
MERGED from [androidx.fragment:fragment:1.3.6] AndroidManifest.xml:17:1-24:12
MERGED from [androidx.activity:activity:1.6.0] AndroidManifest.xml:17:1-22:12
MERGED from [androidx.lifecycle:lifecycle-viewmodel-savedstate:2.5.1] AndroidManifest.xml:17:1-24:12
MERGED from [androidx.legacy:legacy-support-core-utils:1.0.0] AndroidManifest.xml:17:1-22:12
MERGED from [androidx.loader:loader:1.0.0] AndroidManifest.xml:17:1-22:12
MERGED from [androidx.lifecycle:lifecycle-viewmodel:2.5.1] AndroidManifest.xml:17:1-24:12
MERGED from [androidx.savedstate:savedstate:1.2.0] AndroidManifest.xml:17:1-24:12
MERGED from [com.facebook.fresco:flipper:2.6.0] AndroidManifest.xml:2:1-9:12
MERGED from [com.facebook.fresco:stetho:2.6.0] AndroidManifest.xml:2:1-9:12
MERGED from [com.facebook.fresco:fresco:3.2.0] AndroidManifest.xml:2:1-7:12
MERGED from [com.facebook.fresco:animated-gif:2.5.0] AndroidManifest.xml:2:1-9:12
MERGED from [com.facebook.fresco:animated-base:2.5.0] AndroidManifest.xml:2:1-9:12
MERGED from [com.facebook.fresco:animated-drawable:2.5.0] AndroidManifest.xml:2:1-9:12
MERGED from [com.facebook.fresco:drawee:3.2.0] AndroidManifest.xml:2:1-7:12
MERGED from [com.facebook.fresco:nativeimagefilters:3.2.0] AndroidManifest.xml:2:1-7:12
MERGED from [com.facebook.fresco:memory-type-native:3.2.0] AndroidManifest.xml:2:1-7:12
MERGED from [com.facebook.fresco:memory-type-java:3.2.0] AndroidManifest.xml:2:1-7:12
MERGED from [com.facebook.fresco:imagepipeline-native:3.2.0] AndroidManifest.xml:2:1-7:12
MERGED from [com.facebook.fresco:memory-type-ashmem:3.2.0] AndroidManifest.xml:2:1-7:12
MERGED from [com.facebook.fresco:imagepipeline:3.2.0] AndroidManifest.xml:2:1-7:12
MERGED from [com.facebook.fresco:nativeimagetranscoder:3.2.0] AndroidManifest.xml:2:1-7:12
MERGED from [com.facebook.fresco:imagepipeline-base:3.2.0] AndroidManifest.xml:2:1-7:12
MERGED from [com.facebook.fresco:middleware:3.2.0] AndroidManifest.xml:2:1-7:12
MERGED from [com.facebook.fresco:ui-common:3.2.0] AndroidManifest.xml:2:1-7:12
MERGED from [com.facebook.fresco:soloader:3.2.0] AndroidManifest.xml:2:1-7:12
MERGED from [com.facebook.fresco:fbcore:3.2.0] AndroidManifest.xml:2:1-7:12
MERGED from [com.facebook.react:hermes-android:0.75.1] AndroidManifest.xml:2:1-7:12
MERGED from [androidx.sqlite:sqlite-framework:2.1.0] AndroidManifest.xml:17:1-24:12
MERGED from [androidx.swiperefreshlayout:swiperefreshlayout:1.1.0] AndroidManifest.xml:17:1-24:12
MERGED from [androidx.emoji2:emoji2-views-helper:1.2.0] AndroidManifest.xml:2:1-7:12
MERGED from [androidx.emoji2:emoji2:1.2.0] AndroidManifest.xml:17:1-35:12
MERGED from [androidx.lifecycle:lifecycle-process:2.4.1] AndroidManifest.xml:17:1-37:12
MERGED from [androidx.startup:startup-runtime:1.1.1] AndroidManifest.xml:17:1-33:12
MERGED from [androidx.tracing:tracing:1.1.0] AndroidManifest.xml:17:1-24:12
MERGED from [com.google.android.datatransport:transport-backend-cct:3.1.9] AndroidManifest.xml:15:1-37:12
MERGED from [com.google.firebase:firebase-encoders-json:18.0.0] AndroidManifest.xml:15:1-23:12
MERGED from [com.google.firebase:firebase-components:17.1.0] AndroidManifest.xml:15:1-22:12
MERGED from [com.google.android.datatransport:transport-runtime:3.1.9] AndroidManifest.xml:15:1-41:12
MERGED from [com.google.android.datatransport:transport-api:3.0.0] AndroidManifest.xml:15:1-22:12
MERGED from [androidx.sqlite:sqlite:2.1.0] AndroidManifest.xml:17:1-24:12
MERGED from [androidx.autofill:autofill:1.1.0] AndroidManifest.xml:17:1-24:12
MERGED from [androidx.drawerlayout:drawerlayout:1.0.0] AndroidManifest.xml:17:1-22:12
MERGED from [androidx.vectordrawable:vectordrawable-animated:1.1.0] AndroidManifest.xml:17:1-24:12
MERGED from [androidx.vectordrawable:vectordrawable:1.1.0] AndroidManifest.xml:17:1-24:12
MERGED from [androidx.core:core-ktx:1.9.0] AndroidManifest.xml:2:1-7:12
MERGED from [androidx.viewpager:viewpager:1.0.0] AndroidManifest.xml:17:1-22:12
MERGED from [androidx.customview:customview:1.0.0] AndroidManifest.xml:17:1-22:12
MERGED from [androidx.core:core:1.9.0] AndroidManifest.xml:17:1-30:12
MERGED from [androidx.cursoradapter:cursoradapter:1.0.0] AndroidManifest.xml:17:1-22:12
MERGED from [androidx.lifecycle:lifecycle-runtime:2.5.1] AndroidManifest.xml:17:1-24:12
MERGED from [androidx.interpolator:interpolator:1.0.0] AndroidManifest.xml:17:1-22:12
MERGED from [androidx.versionedparcelable:versionedparcelable:1.1.1] AndroidManifest.xml:17:1-27:12
MERGED from [androidx.lifecycle:lifecycle-livedata:2.0.0] AndroidManifest.xml:17:1-22:12
MERGED from [androidx.lifecycle:lifecycle-livedata-core:2.5.1] AndroidManifest.xml:17:1-24:12
MERGED from [androidx.arch.core:core-runtime:2.1.0] AndroidManifest.xml:17:1-24:12
MERGED from [androidx.documentfile:documentfile:1.0.0] AndroidManifest.xml:17:1-22:12
MERGED from [androidx.localbroadcastmanager:localbroadcastmanager:1.0.0] AndroidManifest.xml:17:1-22:12
MERGED from [androidx.print:print:1.0.0] AndroidManifest.xml:17:1-22:12
MERGED from [androidx.annotation:annotation-experimental:1.3.0] AndroidManifest.xml:17:1-22:12
MERGED from [com.waseemsabir:betterypermissionhelper:1.0.0] AndroidManifest.xml:2:1-7:12
MERGED from [com.mixpanel.android:mixpanel-android:7.5.3-SNAPSHOT] AndroidManifest.xml:2:1-28:12
MERGED from [com.facebook.fbjni:fbjni:0.6.0] AndroidManifest.xml:2:1-7:12
MERGED from [com.facebook.soloader:soloader:0.11.0] AndroidManifest.xml:2:1-17:12
MERGED from [me.leolin:ShortcutBadger:1.1.22] AndroidManifest.xml:2:1-52:12
	package
		ADDED from src/main/AndroidManifest.xml:3:5-42
		INJECTED from src/debug/AndroidManifest.xml
	android:versionName
		INJECTED from src/debug/AndroidManifest.xml
	xmlns:tools
		ADDED from src/main/AndroidManifest.xml:1:11-57
	android:versionCode
		INJECTED from src/debug/AndroidManifest.xml
	xmlns:android
		ADDED from src/main/AndroidManifest.xml:2:5-63
uses-permission#android.permission.INTERNET
ADDED from src/main/AndroidManifest.xml:5:5-67
MERGED from [com.facebook.flipper:flipper:0.125.0] AndroidManifest.xml:15:5-67
MERGED from [com.facebook.flipper:flipper:0.125.0] AndroidManifest.xml:15:5-67
MERGED from [com.google.android.gms:play-services-measurement:21.3.0] AndroidManifest.xml:23:5-67
MERGED from [com.google.android.gms:play-services-measurement:21.3.0] AndroidManifest.xml:23:5-67
MERGED from [com.google.android.gms:play-services-measurement-api:21.3.0] AndroidManifest.xml:22:5-67
MERGED from [com.google.android.gms:play-services-measurement-api:21.3.0] AndroidManifest.xml:22:5-67
MERGED from [com.google.firebase:firebase-crashlytics:18.3.7] AndroidManifest.xml:9:5-67
MERGED from [com.google.firebase:firebase-crashlytics:18.3.7] AndroidManifest.xml:9:5-67
MERGED from [com.google.firebase:firebase-installations:17.1.3] AndroidManifest.xml:10:5-67
MERGED from [com.google.firebase:firebase-installations:17.1.3] AndroidManifest.xml:10:5-67
MERGED from [com.google.android.gms:play-services-measurement-impl:21.3.0] AndroidManifest.xml:23:5-67
MERGED from [com.google.android.gms:play-services-measurement-impl:21.3.0] AndroidManifest.xml:23:5-67
MERGED from [com.google.android.gms:play-services-cloud-messaging:17.0.1] AndroidManifest.xml:8:5-67
MERGED from [com.google.android.gms:play-services-cloud-messaging:17.0.1] AndroidManifest.xml:8:5-67
MERGED from [com.google.android.gms:play-services-measurement-sdk-api:21.3.0] AndroidManifest.xml:23:5-67
MERGED from [com.google.android.gms:play-services-measurement-sdk-api:21.3.0] AndroidManifest.xml:23:5-67
MERGED from [com.google.android.datatransport:transport-backend-cct:3.1.9] AndroidManifest.xml:25:5-67
MERGED from [com.google.android.datatransport:transport-backend-cct:3.1.9] AndroidManifest.xml:25:5-67
MERGED from [com.mixpanel.android:mixpanel-android:7.5.3-SNAPSHOT] AndroidManifest.xml:10:5-67
MERGED from [com.mixpanel.android:mixpanel-android:7.5.3-SNAPSHOT] AndroidManifest.xml:10:5-67
	android:name
		ADDED from src/main/AndroidManifest.xml:5:22-64
uses-permission#android.permission.BIND_DEVICE_ADMIN
ADDED from src/main/AndroidManifest.xml:6:5-7:47
	tools:ignore
		ADDED from src/main/AndroidManifest.xml:7:9-44
	android:name
		ADDED from src/main/AndroidManifest.xml:6:22-73
uses-permission#android.permission.POST_NOTIFICATIONS
ADDED from src/main/AndroidManifest.xml:8:5-77
MERGED from [com.google.firebase:firebase-messaging:23.1.2] AndroidManifest.xml:25:5-77
MERGED from [com.google.firebase:firebase-messaging:23.1.2] AndroidManifest.xml:25:5-77
	android:name
		ADDED from src/main/AndroidManifest.xml:8:22-74
uses-permission#com.android.vending.BILLING
ADDED from src/main/AndroidManifest.xml:9:5-67
	android:name
		ADDED from src/main/AndroidManifest.xml:9:22-64
uses-permission#android.permission.ACCESS_NETWORK_STATE
ADDED from src/main/AndroidManifest.xml:10:5-79
MERGED from [com.google.firebase:firebase-messaging:23.1.2] AndroidManifest.xml:24:5-79
MERGED from [com.google.firebase:firebase-messaging:23.1.2] AndroidManifest.xml:24:5-79
MERGED from [com.google.android.gms:play-services-measurement:21.3.0] AndroidManifest.xml:24:5-79
MERGED from [com.google.android.gms:play-services-measurement:21.3.0] AndroidManifest.xml:24:5-79
MERGED from [com.google.android.gms:play-services-measurement-api:21.3.0] AndroidManifest.xml:23:5-79
MERGED from [com.google.android.gms:play-services-measurement-api:21.3.0] AndroidManifest.xml:23:5-79
MERGED from [com.google.firebase:firebase-installations:17.1.3] AndroidManifest.xml:9:5-79
MERGED from [com.google.firebase:firebase-installations:17.1.3] AndroidManifest.xml:9:5-79
MERGED from [com.google.android.gms:play-services-measurement-impl:21.3.0] AndroidManifest.xml:24:5-79
MERGED from [com.google.android.gms:play-services-measurement-impl:21.3.0] AndroidManifest.xml:24:5-79
MERGED from [com.google.android.gms:play-services-cloud-messaging:17.0.1] AndroidManifest.xml:7:5-79
MERGED from [com.google.android.gms:play-services-cloud-messaging:17.0.1] AndroidManifest.xml:7:5-79
MERGED from [com.google.android.gms:play-services-measurement-sdk-api:21.3.0] AndroidManifest.xml:24:5-79
MERGED from [com.google.android.gms:play-services-measurement-sdk-api:21.3.0] AndroidManifest.xml:24:5-79
MERGED from [com.google.android.datatransport:transport-backend-cct:3.1.9] AndroidManifest.xml:24:5-79
MERGED from [com.google.android.datatransport:transport-backend-cct:3.1.9] AndroidManifest.xml:24:5-79
MERGED from [com.google.android.datatransport:transport-runtime:3.1.9] AndroidManifest.xml:22:5-79
MERGED from [com.google.android.datatransport:transport-runtime:3.1.9] AndroidManifest.xml:22:5-79
	android:name
		ADDED from src/main/AndroidManifest.xml:10:22-76
uses-permission#android.permission.RECEIVE_BOOT_COMPLETED
ADDED from src/main/AndroidManifest.xml:11:5-81
	android:name
		ADDED from src/main/AndroidManifest.xml:11:22-78
uses-permission#android.permission.WRITE_EXTERNAL_STORAGE
ADDED from src/main/AndroidManifest.xml:12:5-81
	android:name
		ADDED from src/main/AndroidManifest.xml:12:22-78
uses-permission#android.permission.FOREGROUND_SERVICE
ADDED from src/main/AndroidManifest.xml:13:5-77
	android:name
		ADDED from src/main/AndroidManifest.xml:13:22-74
uses-permission#com.google.android.gms.permission.AD_ID
ADDED from src/main/AndroidManifest.xml:14:5-79
MERGED from [com.google.android.gms:play-services-measurement-api:21.3.0] AndroidManifest.xml:25:5-79
MERGED from [com.google.android.gms:play-services-measurement-api:21.3.0] AndroidManifest.xml:25:5-79
MERGED from [com.google.android.gms:play-services-measurement-impl:21.3.0] AndroidManifest.xml:27:5-79
MERGED from [com.google.android.gms:play-services-measurement-impl:21.3.0] AndroidManifest.xml:27:5-79
MERGED from [com.google.android.gms:play-services-ads-identifier:18.0.0] AndroidManifest.xml:23:5-79
MERGED from [com.google.android.gms:play-services-ads-identifier:18.0.0] AndroidManifest.xml:23:5-79
MERGED from [com.google.android.gms:play-services-measurement-sdk-api:21.3.0] AndroidManifest.xml:26:5-79
MERGED from [com.google.android.gms:play-services-measurement-sdk-api:21.3.0] AndroidManifest.xml:26:5-79
	android:name
		ADDED from src/main/AndroidManifest.xml:14:22-76
queries
ADDED from src/main/AndroidManifest.xml:16:5-20:15
intent#action:name:android.intent.action.MAIN
ADDED from src/main/AndroidManifest.xml:17:9-19:18
action#android.intent.action.MAIN
ADDED from src/main/AndroidManifest.xml:18:13-65
	android:name
		ADDED from src/main/AndroidManifest.xml:18:21-62
uses-permission#android.permission.KILL_BACKGROUND_PROCESSES
ADDED from src/main/AndroidManifest.xml:22:5-84
	android:name
		ADDED from src/main/AndroidManifest.xml:22:22-81
application
ADDED from src/main/AndroidManifest.xml:23:5-93:19
MERGED from src/main/AndroidManifest.xml:23:5-93:19
MERGED from src/main/AndroidManifest.xml:23:5-93:19
INJECTED from src/debug/AndroidManifest.xml:5:5-8:50
MERGED from [com.facebook.react:react-android:0.75.1] AndroidManifest.xml:18:5-22:19
MERGED from [com.facebook.react:react-android:0.75.1] AndroidManifest.xml:18:5-22:19
MERGED from [androidx.constraintlayout:constraintlayout:2.1.4] AndroidManifest.xml:9:5-20
MERGED from [androidx.constraintlayout:constraintlayout:2.1.4] AndroidManifest.xml:9:5-20
MERGED from [com.airbnb.android:lottie:3.4.0] AndroidManifest.xml:9:5-20
MERGED from [com.airbnb.android:lottie:3.4.0] AndroidManifest.xml:9:5-20
MERGED from [com.google.firebase:firebase-messaging:23.1.2] AndroidManifest.xml:30:5-59:19
MERGED from [com.google.firebase:firebase-messaging:23.1.2] AndroidManifest.xml:30:5-59:19
MERGED from [com.google.firebase:firebase-analytics:21.3.0] AndroidManifest.xml:7:5-20
MERGED from [com.google.firebase:firebase-analytics:21.3.0] AndroidManifest.xml:7:5-20
MERGED from [com.google.android.gms:play-services-measurement:21.3.0] AndroidManifest.xml:28:5-44:19
MERGED from [com.google.android.gms:play-services-measurement:21.3.0] AndroidManifest.xml:28:5-44:19
MERGED from [com.google.android.gms:play-services-measurement-api:21.3.0] AndroidManifest.xml:27:5-35:19
MERGED from [com.google.android.gms:play-services-measurement-api:21.3.0] AndroidManifest.xml:27:5-35:19
MERGED from [com.google.android.gms:play-services-measurement-sdk:21.3.0] AndroidManifest.xml:22:5-23:19
MERGED from [com.google.android.gms:play-services-measurement-sdk:21.3.0] AndroidManifest.xml:22:5-23:19
MERGED from [com.google.firebase:firebase-crashlytics:18.3.7] AndroidManifest.xml:13:5-21:19
MERGED from [com.google.firebase:firebase-crashlytics:18.3.7] AndroidManifest.xml:13:5-21:19
MERGED from [com.google.firebase:firebase-installations:17.1.3] AndroidManifest.xml:13:5-21:19
MERGED from [com.google.firebase:firebase-installations:17.1.3] AndroidManifest.xml:13:5-21:19
MERGED from [com.google.firebase:firebase-datatransport:18.1.7] AndroidManifest.xml:23:5-31:19
MERGED from [com.google.firebase:firebase-datatransport:18.1.7] AndroidManifest.xml:23:5-31:19
MERGED from [com.google.firebase:firebase-common:20.3.3] AndroidManifest.xml:24:5-37:19
MERGED from [com.google.firebase:firebase-common:20.3.3] AndroidManifest.xml:24:5-37:19
MERGED from [com.google.firebase:firebase-measurement-connector:19.0.0] AndroidManifest.xml:22:5-23:19
MERGED from [com.google.firebase:firebase-measurement-connector:19.0.0] AndroidManifest.xml:22:5-23:19
MERGED from [com.google.android.gms:play-services-base:18.0.1] AndroidManifest.xml:19:5-23:19
MERGED from [com.google.android.gms:play-services-base:18.0.1] AndroidManifest.xml:19:5-23:19
MERGED from [com.google.android.gms:play-services-measurement-impl:21.3.0] AndroidManifest.xml:29:5-30:19
MERGED from [com.google.android.gms:play-services-measurement-impl:21.3.0] AndroidManifest.xml:29:5-30:19
MERGED from [com.google.android.gms:play-services-stats:17.0.2] AndroidManifest.xml:7:5-20
MERGED from [com.google.android.gms:play-services-stats:17.0.2] AndroidManifest.xml:7:5-20
MERGED from [com.google.firebase:firebase-iid-interop:17.1.0] AndroidManifest.xml:7:5-8:19
MERGED from [com.google.firebase:firebase-iid-interop:17.1.0] AndroidManifest.xml:7:5-8:19
MERGED from [com.google.android.gms:play-services-ads-identifier:18.0.0] AndroidManifest.xml:25:5-20
MERGED from [com.google.android.gms:play-services-ads-identifier:18.0.0] AndroidManifest.xml:25:5-20
MERGED from [com.google.android.gms:play-services-measurement-base:21.3.0] AndroidManifest.xml:7:5-20
MERGED from [com.google.android.gms:play-services-measurement-base:21.3.0] AndroidManifest.xml:7:5-20
MERGED from [com.google.android.gms:play-services-tasks:18.0.2] AndroidManifest.xml:5:5-20
MERGED from [com.google.android.gms:play-services-tasks:18.0.2] AndroidManifest.xml:5:5-20
MERGED from [com.google.android.gms:play-services-basement:18.1.0] AndroidManifest.xml:20:5-24:19
MERGED from [com.google.android.gms:play-services-basement:18.1.0] AndroidManifest.xml:20:5-24:19
MERGED from [androidx.emoji2:emoji2:1.2.0] AndroidManifest.xml:23:5-33:19
MERGED from [androidx.emoji2:emoji2:1.2.0] AndroidManifest.xml:23:5-33:19
MERGED from [androidx.lifecycle:lifecycle-process:2.4.1] AndroidManifest.xml:25:5-35:19
MERGED from [androidx.lifecycle:lifecycle-process:2.4.1] AndroidManifest.xml:25:5-35:19
MERGED from [androidx.startup:startup-runtime:1.1.1] AndroidManifest.xml:25:5-31:19
MERGED from [androidx.startup:startup-runtime:1.1.1] AndroidManifest.xml:25:5-31:19
MERGED from [com.google.android.datatransport:transport-backend-cct:3.1.9] AndroidManifest.xml:27:5-35:19
MERGED from [com.google.android.datatransport:transport-backend-cct:3.1.9] AndroidManifest.xml:27:5-35:19
MERGED from [com.google.android.datatransport:transport-runtime:3.1.9] AndroidManifest.xml:25:5-39:19
MERGED from [com.google.android.datatransport:transport-runtime:3.1.9] AndroidManifest.xml:25:5-39:19
MERGED from [androidx.core:core:1.9.0] AndroidManifest.xml:28:5-89
MERGED from [androidx.core:core:1.9.0] AndroidManifest.xml:28:5-89
MERGED from [androidx.versionedparcelable:versionedparcelable:1.1.1] AndroidManifest.xml:24:5-25:19
MERGED from [androidx.versionedparcelable:versionedparcelable:1.1.1] AndroidManifest.xml:24:5-25:19
MERGED from [com.mixpanel.android:mixpanel-android:7.5.3-SNAPSHOT] AndroidManifest.xml:15:5-26:19
MERGED from [com.mixpanel.android:mixpanel-android:7.5.3-SNAPSHOT] AndroidManifest.xml:15:5-26:19
MERGED from [com.facebook.soloader:soloader:0.11.0] AndroidManifest.xml:11:5-15:19
MERGED from [com.facebook.soloader:soloader:0.11.0] AndroidManifest.xml:11:5-15:19
	android:extractNativeLibs
		INJECTED from src/debug/AndroidManifest.xml
	android:appComponentFactory
		ADDED from [androidx.core:core:1.9.0] AndroidManifest.xml:28:18-86
	android:supportsRtl
		ADDED from src/main/AndroidManifest.xml:29:9-35
		ADDED from src/main/AndroidManifest.xml:29:9-35
	android:label
		ADDED from src/main/AndroidManifest.xml:25:9-41
		ADDED from src/main/AndroidManifest.xml:25:9-41
	tools:ignore
		ADDED from src/debug/AndroidManifest.xml:8:9-48
	tools:targetApi
		ADDED from src/debug/AndroidManifest.xml:7:9-29
	android:icon
		ADDED from src/main/AndroidManifest.xml:26:9-43
		ADDED from src/main/AndroidManifest.xml:26:9-43
	android:allowBackup
		ADDED from src/main/AndroidManifest.xml:27:9-36
		ADDED from src/main/AndroidManifest.xml:27:9-36
	android:theme
		ADDED from src/main/AndroidManifest.xml:28:9-40
		ADDED from src/main/AndroidManifest.xml:28:9-40
	android:usesCleartextTraffic
		ADDED from src/debug/AndroidManifest.xml:6:9-44
	android:name
		ADDED from src/main/AndroidManifest.xml:24:9-40
		ADDED from src/main/AndroidManifest.xml:24:9-40
activity#com.blockerplus.blockerplus.MainActivity
ADDED from src/main/AndroidManifest.xml:30:9-42:20
	android:screenOrientation
		ADDED from src/main/AndroidManifest.xml:36:13-49
	android:label
		ADDED from src/main/AndroidManifest.xml:32:13-45
	android:launchMode
		ADDED from src/main/AndroidManifest.xml:34:13-44
	android:windowSoftInputMode
		ADDED from src/main/AndroidManifest.xml:35:13-52
	android:exported
		ADDED from src/main/AndroidManifest.xml:37:13-36
	android:configChanges
		ADDED from src/main/AndroidManifest.xml:33:13-122
	android:name
		ADDED from src/main/AndroidManifest.xml:31:13-41
intent-filter#action:name:android.intent.action.MAIN+category:name:android.intent.category.LAUNCHER
ADDED from src/main/AndroidManifest.xml:38:13-41:29
category#android.intent.category.LAUNCHER
ADDED from src/main/AndroidManifest.xml:40:17-77
	android:name
		ADDED from src/main/AndroidManifest.xml:40:27-74
activity#com.awesomeprojectui.NotificationActivity
ADDED from src/main/AndroidManifest.xml:43:9-49:20
	android:parentActivityName
		ADDED from src/main/AndroidManifest.xml:45:13-55
	android:label
		ADDED from src/main/AndroidManifest.xml:44:13-52
	android:name
		ADDED from src/main/AndroidManifest.xml:43:19-75
meta-data#android.support.PARENT_ACTIVITY
ADDED from src/main/AndroidManifest.xml:46:13-48:48
	android:value
		ADDED from src/main/AndroidManifest.xml:48:17-46
	android:name
		ADDED from src/main/AndroidManifest.xml:47:17-63
activity#com.facebook.react.devsupport.DevSettingsActivity
ADDED from src/main/AndroidManifest.xml:50:9-110
MERGED from [com.facebook.react:react-android:0.75.1] AndroidManifest.xml:19:9-21:40
MERGED from [com.facebook.react:react-android:0.75.1] AndroidManifest.xml:19:9-21:40
	android:exported
		ADDED from src/main/AndroidManifest.xml:50:84-108
	android:name
		ADDED from src/main/AndroidManifest.xml:50:19-83
service#com.blockerplus.blockerplus.BlockingService
ADDED from src/main/AndroidManifest.xml:52:9-64:19
	android:exported
		ADDED from src/main/AndroidManifest.xml:55:13-36
	android:permission
		ADDED from src/main/AndroidManifest.xml:54:13-79
	android:name
		ADDED from src/main/AndroidManifest.xml:53:13-44
intent-filter#action:name:android.accessibilityservice.AccessibilityService+category:name:android.intent.category.ACCESSIBILITY_SHORTCUT_TARGET
ADDED from src/main/AndroidManifest.xml:56:13-60:29
action#android.accessibilityservice.AccessibilityService
ADDED from src/main/AndroidManifest.xml:57:17-92
	android:name
		ADDED from src/main/AndroidManifest.xml:57:25-89
category#android.intent.category.ACCESSIBILITY_SHORTCUT_TARGET
ADDED from src/main/AndroidManifest.xml:58:17-97
	android:name
		ADDED from src/main/AndroidManifest.xml:58:27-95
data
ADDED from src/main/AndroidManifest.xml:59:17-26
meta-data#android.accessibilityservice
ADDED from src/main/AndroidManifest.xml:61:13-63:59
	android:resource
		ADDED from src/main/AndroidManifest.xml:63:17-56
	android:name
		ADDED from src/main/AndroidManifest.xml:62:17-60
service#com.awesomeprojectui.VPNService.Service.BlockerPlusVPNService
ADDED from src/main/AndroidManifest.xml:65:9-72:19
	android:exported
		ADDED from src/main/AndroidManifest.xml:68:13-37
	android:permission
		ADDED from src/main/AndroidManifest.xml:67:13-69
	android:name
		ADDED from src/main/AndroidManifest.xml:66:13-89
intent-filter#action:name:android.net.VpnService
ADDED from src/main/AndroidManifest.xml:69:13-71:29
action#android.net.VpnService
ADDED from src/main/AndroidManifest.xml:70:17-64
	android:name
		ADDED from src/main/AndroidManifest.xml:70:25-62
receiver#com.awesomeprojectui.broadcastReceiver.BootBroadcastReceiver
ADDED from src/main/AndroidManifest.xml:73:9-80:20
	android:exported
		ADDED from src/main/AndroidManifest.xml:74:13-37
	android:name
		ADDED from src/main/AndroidManifest.xml:73:19-94
intent-filter#action:name:android.intent.action.BOOT_COMPLETED+category:name:android.intent.category.LAUNCHER
ADDED from src/main/AndroidManifest.xml:75:13-79:29
action#android.intent.action.BOOT_COMPLETED
ADDED from src/main/AndroidManifest.xml:76:17-78
	android:name
		ADDED from src/main/AndroidManifest.xml:76:25-76
receiver#com.blockerplus.blockerplus.MyDeviceAdminReceiver
ADDED from src/main/AndroidManifest.xml:81:9-92:20
	android:exported
		ADDED from src/main/AndroidManifest.xml:84:13-36
	android:permission
		ADDED from src/main/AndroidManifest.xml:83:13-70
	android:name
		ADDED from src/main/AndroidManifest.xml:82:13-50
intent-filter#action:name:android.app.action.DEVICE_ADMIN_ENABLED
ADDED from src/main/AndroidManifest.xml:85:13-87:29
action#android.app.action.DEVICE_ADMIN_ENABLED
ADDED from src/main/AndroidManifest.xml:86:17-82
	android:name
		ADDED from src/main/AndroidManifest.xml:86:25-79
meta-data#android.app.device_admin
ADDED from src/main/AndroidManifest.xml:89:13-91:56
	android:resource
		ADDED from src/main/AndroidManifest.xml:91:17-53
	android:name
		ADDED from src/main/AndroidManifest.xml:90:17-56
uses-sdk
INJECTED from src/debug/AndroidManifest.xml reason: use-sdk injection requested
INJECTED from src/debug/AndroidManifest.xml
INJECTED from src/debug/AndroidManifest.xml
MERGED from [:react-native-splash-screen] AndroidManifest.xml:5:5-44
MERGED from [:react-native-splash-screen] AndroidManifest.xml:5:5-44
MERGED from [:react-native-push-notification] AndroidManifest.xml:5:5-44
MERGED from [:react-native-push-notification] AndroidManifest.xml:5:5-44
MERGED from [com.facebook.react:react-android:0.75.1] AndroidManifest.xml:10:5-44
MERGED from [com.facebook.react:react-android:0.75.1] AndroidManifest.xml:10:5-44
MERGED from [com.facebook.flipper:flipper-network-plugin:0.125.0] AndroidManifest.xml:11:5-13:41
MERGED from [com.facebook.flipper:flipper-network-plugin:0.125.0] AndroidManifest.xml:11:5-13:41
MERGED from [com.facebook.flipper:flipper-fresco-plugin:0.125.0] AndroidManifest.xml:11:5-13:41
MERGED from [com.facebook.flipper:flipper-fresco-plugin:0.125.0] AndroidManifest.xml:11:5-13:41
MERGED from [com.facebook.flipper:flipper:0.125.0] AndroidManifest.xml:11:5-13:41
MERGED from [com.facebook.flipper:flipper:0.125.0] AndroidManifest.xml:11:5-13:41
MERGED from [androidx.constraintlayout:constraintlayout:2.1.4] AndroidManifest.xml:5:5-7:41
MERGED from [androidx.constraintlayout:constraintlayout:2.1.4] AndroidManifest.xml:5:5-7:41
MERGED from [com.airbnb.android:lottie:3.4.0] AndroidManifest.xml:5:5-7:41
MERGED from [com.airbnb.android:lottie:3.4.0] AndroidManifest.xml:5:5-7:41
MERGED from [androidx.appcompat:appcompat-resources:1.6.1] AndroidManifest.xml:20:5-44
MERGED from [androidx.appcompat:appcompat-resources:1.6.1] AndroidManifest.xml:20:5-44
MERGED from [androidx.appcompat:appcompat:1.6.1] AndroidManifest.xml:20:5-44
MERGED from [androidx.appcompat:appcompat:1.6.1] AndroidManifest.xml:20:5-44
MERGED from [com.facebook.fresco:imagepipeline-okhttp3:3.2.0] AndroidManifest.xml:5:5-44
MERGED from [com.facebook.fresco:imagepipeline-okhttp3:3.2.0] AndroidManifest.xml:5:5-44
MERGED from [com.google.firebase:firebase-messaging:23.1.2] AndroidManifest.xml:20:5-22:41
MERGED from [com.google.firebase:firebase-messaging:23.1.2] AndroidManifest.xml:20:5-22:41
MERGED from [com.google.firebase:firebase-analytics:21.3.0] AndroidManifest.xml:5:5-44